<?xml version="1.0" encoding="UTF-8"?>
<!-- Generated by org.testng.reporters.JUnitReportReporter -->
<testsuite hostname="HARIs-MacBook-Air.local" failures="0" tests="1" name="com.hdfc.setu.qa.base.DemoTest" time="15.060" errors="0" timestamp="18 Sep 2023 07:52:23 GMT" skipped="0">
  <testcase classname="com.hdfc.setu.qa.base.DemoTest" name="demoTest" time="15.060"/>
</testsuite> <!-- com.hdfc.setu.qa.base.DemoTest -->
